c:\users\vince\desktop\programming\opengl-training\opengl-training\opengl-training\x64\debug\vc143.pdb
c:\users\vince\desktop\programming\opengl-training\opengl-training\opengl-training\x64\debug\vc143.idb
c:\users\vince\desktop\programming\opengl-training\opengl-training\opengl-training\x64\debug\shader.obj
c:\users\vince\desktop\programming\opengl-training\opengl-training\opengl-training\x64\debug\main.obj
c:\users\vince\desktop\programming\opengl-training\opengl-training\opengl-training\x64\debug\glad.obj
c:\users\vince\desktop\programming\opengl-training\opengl-training\opengl-training\x64\debug\texture.obj
c:\users\vince\desktop\programming\opengl-training\opengl-training\x64\debug\opengl-training.pdb
c:\users\vince\desktop\programming\opengl-training\opengl-training\opengl-training\x64\debug\opengl-training.tlog\cl.command.1.tlog
c:\users\vince\desktop\programming\opengl-training\opengl-training\opengl-training\x64\debug\opengl-training.tlog\cl.read.1.tlog
c:\users\vince\desktop\programming\opengl-training\opengl-training\opengl-training\x64\debug\opengl-training.tlog\cl.write.1.tlog
c:\users\vince\desktop\programming\opengl-training\opengl-training\opengl-training\x64\debug\opengl-training.tlog\link.15800-cvtres.read.1.tlog
c:\users\vince\desktop\programming\opengl-training\opengl-training\opengl-training\x64\debug\opengl-training.tlog\link.15800-cvtres.write.1.tlog
c:\users\vince\desktop\programming\opengl-training\opengl-training\opengl-training\x64\debug\opengl-training.tlog\link.15800-rc.read.1.tlog
c:\users\vince\desktop\programming\opengl-training\opengl-training\opengl-training\x64\debug\opengl-training.tlog\link.15800-rc.write.1.tlog
c:\users\vince\desktop\programming\opengl-training\opengl-training\opengl-training\x64\debug\opengl-training.tlog\link.15800.read.1.tlog
c:\users\vince\desktop\programming\opengl-training\opengl-training\opengl-training\x64\debug\opengl-training.tlog\link.15800.read.2.tlog
c:\users\vince\desktop\programming\opengl-training\opengl-training\opengl-training\x64\debug\opengl-training.tlog\link.15800.write.1.tlog
c:\users\vince\desktop\programming\opengl-training\opengl-training\opengl-training\x64\debug\opengl-training.tlog\link.command.1.tlog
c:\users\vince\desktop\programming\opengl-training\opengl-training\opengl-training\x64\debug\opengl-training.tlog\link.read.1.tlog
c:\users\vince\desktop\programming\opengl-training\opengl-training\opengl-training\x64\debug\opengl-training.tlog\link.write.1.tlog
